<?xml version="1.0" encoding="UTF-8" ?>
<testsuite errors="0" failures="0" hostname="USER-PC" name="serv.CirculationDBTest" skipped="0" tests="11" time="0.623" timestamp="2014-03-13T04:16:45">
  <properties>
[...]
</properties>
  <testcase classname="serv.CirculationDBTest" name="testGetCirculationsBool" time="0.349" />
  <testcase classname="serv.CirculationDBTest" name="testGetCirculationsOnIssueByUid" time="0.023" />
  <testcase classname="serv.CirculationDBTest" name="testGetCirculations" time="0.015" />
  <testcase classname="serv.CirculationDBTest" name="testCanRent" time="0.011" />
  <testcase classname="serv.CirculationDBTest" name="testDeleteAll" time="0.0" />
  <testcase classname="serv.CirculationDBTest" name="testGetLatestCirculation" time="0.023" />
  <testcase classname="serv.CirculationDBTest" name="testDelete" time="0.016" />
  <testcase classname="serv.CirculationDBTest" name="testGetCirculationOnIssueByBookNo" time="0.012" />
  <testcase classname="serv.CirculationDBTest" name="testGetOverDueList" time="0.009" />
  <testcase classname="serv.CirculationDBTest" name="testInsert" time="0.01" />
  <testcase classname="serv.CirculationDBTest" name="testUpdate" time="0.086" />
  <system-out><![CDATA[]]></system-out>
  <system-err><![CDATA[]]></system-err>
</testsuite>
